<?xml version="1.0" encoding="UTF-8"?>
<!-- Generated by org.testng.reporters.JUnitReportReporter -->
<testsuite skipped="0" hostname="Shahed" name="test.AddCustomerTest" tests="1" failures="0" timestamp="2022-04-10T11:03:20 EDT" time="9.221" errors="0">
  <testcase name="validUserShouldBeAbleToAddCustomer" time="9.221" classname="test.AddCustomerTest"/>
  <system-out/>
</testsuite> <!-- test.AddCustomerTest -->
