<?xml version="1.0" encoding="UTF-8"?>
<!-- Generated by org.testng.reporters.JUnitReportReporter -->
<testsuite skipped="0" hostname="Shahed" name="test.LoginTest" tests="1" failures="0" timestamp="2022-04-10T10:50:41 EDT" time="6.151" errors="0">
  <testcase name="validUserSouldBeAbleToLogin" time="6.151" classname="test.LoginTest"/>
  <system-out/>
</testsuite> <!-- test.LoginTest -->
